2023-04-02 17:52:46,917 [INFO] Activator:179 - 


2023-04-02 17:52:46,917 [INFO] Activator:180 - !SESSION log4j initialized
2023-04-02 17:52:58,503 [ERROR] ConfigurationRetriever:140 - IOException on connection: citools.st.com
2023-04-02 17:52:58,503 [ERROR] ConfigurationRetriever:140 - IOException on connection: citools.st.com
2023-04-02 17:52:58,503 [ERROR] ConfigurationRetriever:140 - IOException on connection: citools.st.com
2023-04-02 17:53:16,902 [INFO] McuFinderGlobals:52 - Set McuFinder mode to 2 (CubeIDE integrated)
2023-04-02 17:53:17,090 [INFO] ApplicationProperties:181 - Using Application install path: C:\ST\STM32CubeIDE_1.9.0\STM32CubeIDE\plugins\com.st.stm32cube.common.mx_6.7.0.202301130839
2023-04-02 17:53:17,105 [INFO] DbMcusXml:77 - Set database path to: C:\ST\STM32CubeIDE_1.9.0\STM32CubeIDE\plugins\com.st.stm32cube.common.mx_6.7.0.202301130839\\db\/mcu/
2023-04-02 17:53:17,105 [INFO] ApiDb:273 - Set plugin database path to: C:\ST\STM32CubeIDE_1.9.0\STM32CubeIDE\plugins\com.st.stm32cube.common.mx_6.7.0.202301130839\\db\/plugins/boardmanager/
2023-04-02 17:53:17,105 [WARN] ApiDb:258 - Overriding images path with different value:  => C:\ST\STM32CubeIDE_1.9.0\STM32CubeIDE\plugins\com.st.stm32cube.common.mx_6.7.0.202301130839\\db\/plugins/mcufinder/images/
2023-04-02 17:53:17,121 [INFO] ApiDb:249 - Set database path to: C:\Users\New user\.stmcufinder\plugins\mcufinder//mcu/
2023-04-02 17:53:17,121 [INFO] DbMcusAds:124 - Set database path to: C:\Users\New user\.stmcufinder\plugins\mcufinder//mcu/
2023-04-02 17:53:17,262 [INFO] CrossReferenceDbSqlite:202 - Set database path to: C:\Users\New user\.stmcufinder\plugins\mcufinder//mcu/cs/
2023-04-02 17:53:17,340 [INFO] RulesReader:61 - Compatibility file has been processed (283 Rules)
2023-04-02 17:53:17,404 [INFO] DbMcusXml:77 - Set database path to: C:\ST\STM32CubeIDE_1.9.0\STM32CubeIDE\plugins\com.st.stm32cube.common.mx_6.7.0.202301130839\\db\/mcu/
2023-04-02 17:53:17,404 [INFO] ApiDb:273 - Set plugin database path to: C:\ST\STM32CubeIDE_1.9.0\STM32CubeIDE\plugins\com.st.stm32cube.common.mx_6.7.0.202301130839\\db\/plugins/boardmanager/
2023-04-02 17:53:17,404 [INFO] ApiDb:260 - Set plugin images path to: C:\ST\STM32CubeIDE_1.9.0\STM32CubeIDE\plugins\com.st.stm32cube.common.mx_6.7.0.202301130839\\db\/plugins/mcufinder/images/
2023-04-02 17:53:17,404 [WARN] DbFile:40 - Overriding database path with different value: C:\Users\New user\.stmcufinder\plugins\mcufinder/ => C:\Users\New user\.stmcufinder\plugins\mcufinder
2023-04-02 17:53:17,404 [INFO] ApiDb:249 - Set database path to: C:\Users\New user\.stmcufinder\plugins\mcufinder//mcu/
2023-04-02 17:53:17,404 [WARN] DbFile:40 - Overriding database path with different value: C:\Users\New user\.stmcufinder\plugins\mcufinder/ => C:\Users\New user\.stmcufinder\plugins\mcufinder
2023-04-02 17:53:17,404 [INFO] DbMcusAds:124 - Set database path to: C:\Users\New user\.stmcufinder\plugins\mcufinder//mcu/
2023-04-02 17:53:17,404 [WARN] DbFile:40 - Overriding database path with different value: C:\Users\New user\.stmcufinder\plugins\mcufinder/ => C:\Users\New user\.stmcufinder\plugins\mcufinder
2023-04-02 17:53:17,404 [WARN] DbFile:40 - Overriding database path with different value: C:\Users\New user\.stmcufinder\plugins\mcufinder/ => C:\Users\New user\.stmcufinder\plugins\mcufinder
2023-04-02 17:53:17,404 [INFO] CrossReferenceDbSqlite:202 - Set database path to: C:\Users\New user\.stmcufinder\plugins\mcufinder//mcu/cs/
2023-04-02 17:53:17,482 [INFO] MainPanel:252 - HeapMemory: 268435456
2023-04-02 17:53:17,544 [INFO] DbMcusXml:77 - Set database path to: C:\ST\STM32CubeIDE_1.9.0\STM32CubeIDE\plugins\com.st.stm32cube.common.mx_6.7.0.202301130839\\db\/mcu/
2023-04-02 17:53:17,544 [INFO] ApiDb:273 - Set plugin database path to: C:\ST\STM32CubeIDE_1.9.0\STM32CubeIDE\plugins\com.st.stm32cube.common.mx_6.7.0.202301130839\\db\/plugins/boardmanager/
2023-04-02 17:53:17,544 [INFO] ApiDb:260 - Set plugin images path to: C:\ST\STM32CubeIDE_1.9.0\STM32CubeIDE\plugins\com.st.stm32cube.common.mx_6.7.0.202301130839\\db\/plugins/mcufinder/images/
2023-04-02 17:53:17,544 [WARN] DbFile:40 - Overriding database path with different value: C:\Users\New user\.stmcufinder\plugins\mcufinder/ => C:\Users\New user\.stmcufinder\plugins\mcufinder
2023-04-02 17:53:17,544 [INFO] ApiDb:249 - Set database path to: C:\Users\New user\.stmcufinder\plugins\mcufinder//mcu/
2023-04-02 17:53:17,544 [WARN] DbFile:40 - Overriding database path with different value: C:\Users\New user\.stmcufinder\plugins\mcufinder/ => C:\Users\New user\.stmcufinder\plugins\mcufinder
2023-04-02 17:53:17,544 [INFO] DbMcusAds:124 - Set database path to: C:\Users\New user\.stmcufinder\plugins\mcufinder//mcu/
2023-04-02 17:53:17,544 [WARN] DbFile:40 - Overriding database path with different value: C:\Users\New user\.stmcufinder\plugins\mcufinder/ => C:\Users\New user\.stmcufinder\plugins\mcufinder
2023-04-02 17:53:17,544 [WARN] DbFile:40 - Overriding database path with different value: C:\Users\New user\.stmcufinder\plugins\mcufinder/ => C:\Users\New user\.stmcufinder\plugins\mcufinder
2023-04-02 17:53:17,544 [INFO] CrossReferenceDbSqlite:202 - Set database path to: C:\Users\New user\.stmcufinder\plugins\mcufinder//mcu/cs/
2023-04-02 17:53:17,576 [INFO] ApplicationProperties:181 - Using Application install path: C:\ST\STM32CubeIDE_1.9.0\STM32CubeIDE\plugins\com.st.stm32cube.common.mx_6.7.0.202301130839
2023-04-02 17:53:17,576 [INFO] PluginManage:193 - Search for loadable plugins [exclusion list=, ]
2023-04-02 17:53:17,576 [INFO] PluginManage:307 - Check plugin analytics
2023-04-02 17:53:19,241 [ERROR] LogOutputStream:74 - [STDERR_REDIRECT] SLF4J: Failed to load class "org.slf4j.impl.StaticLoggerBinder".
2023-04-02 17:53:19,241 [ERROR] LogOutputStream:74 - [STDERR_REDIRECT] SLF4J: Defaulting to no-operation (NOP) logger implementation
2023-04-02 17:53:19,241 [ERROR] LogOutputStream:74 - [STDERR_REDIRECT] SLF4J: See http://www.slf4j.org/codes.html#StaticLoggerBinder for further details.
2023-04-02 17:53:26,738 [INFO] AnalyticsPlugin:262 - Accepted Software Licenses: 
2023-04-02 17:53:26,738 [INFO] AnalyticsPlugin:264 - Accepted CMSIS Pack Licenses: 
2023-04-02 17:53:26,738 [INFO] AnalyticsPlugin:266 - Accepted Firmware Licenses: 
2023-04-02 17:53:26,753 [INFO] PluginManage:356 - Loaded plugin analytics (category:tool,tabindex:-1)
2023-04-02 17:53:26,753 [INFO] PluginManage:307 - Check plugin cadmodel
2023-04-02 17:53:26,753 [INFO] CADModel:104 - Init CAD model plugin
2023-04-02 17:53:26,753 [INFO] PluginManage:356 - Loaded plugin cadmodel (category:power,tabindex:5)
2023-04-02 17:53:26,753 [INFO] PluginManage:307 - Check plugin clock
2023-04-02 17:53:26,753 [INFO] PluginManage:356 - Loaded plugin clock (category:base,tabindex:2)
2023-04-02 17:53:26,753 [INFO] PluginManage:307 - Check plugin ddr
2023-04-02 17:53:26,753 [INFO] PluginManage:356 - Loaded plugin ddr (category:tool,tabindex:6)
2023-04-02 17:53:26,753 [INFO] PluginManage:307 - Check plugin filemanager
2023-04-02 17:53:26,872 [INFO] PluginManage:356 - Loaded plugin filemanager (category:base,tabindex:10)
2023-04-02 17:53:26,872 [INFO] PluginManage:307 - Check plugin ipmanager
2023-04-02 17:53:26,872 [INFO] PluginManage:356 - Loaded plugin ipmanager (category:base,tabindex:5)
2023-04-02 17:53:26,872 [INFO] PluginManage:307 - Check plugin lpbam
2023-04-02 17:53:26,887 [INFO] PluginManage:356 - Loaded plugin lpbam (category:base,tabindex:0)
2023-04-02 17:53:26,887 [INFO] PluginManage:307 - Check plugin pinoutandconfiguration
2023-04-02 17:53:26,887 [INFO] PluginManage:356 - Loaded plugin pinoutandconfiguration (category:base,tabindex:1)
2023-04-02 17:53:26,887 [INFO] PluginManage:307 - Check plugin pinoutconfig
2023-04-02 17:53:26,918 [INFO] PluginManage:356 - Loaded plugin pinoutconfig (category:base,tabindex:0)
2023-04-02 17:53:26,918 [INFO] PluginManage:307 - Check plugin power
2023-04-02 17:53:26,918 [INFO] PluginManage:356 - Loaded plugin power (category:power,tabindex:4)
2023-04-02 17:53:26,918 [INFO] PluginManage:307 - Check plugin projectmanager
2023-04-02 17:53:26,934 [INFO] PluginManage:356 - Loaded plugin projectmanager (category:projectmanager,tabindex:3)
2023-04-02 17:53:26,934 [INFO] PluginManage:307 - Check plugin thirdparty
2023-04-02 17:53:27,028 [WARN] IntegrityCheckThread:82 - waiting for thirdparty lock release [integrity check]
2023-04-02 17:53:27,028 [INFO] PluginManage:356 - Loaded plugin thirdparty (category:base,tabindex:-1)
2023-04-02 17:53:27,028 [INFO] IntegrityCheckThread:84 - entering critical section [integrity check]
2023-04-02 17:53:27,028 [INFO] PluginManage:307 - Check plugin tools
2023-04-02 17:53:27,028 [INFO] ThirdPartyUpdaterWithRetryManager:70 - Updater plugin not ready yet. [1/15]
2023-04-02 17:53:27,028 [INFO] PluginManage:356 - Loaded plugin tools (category:base,tabindex:7)
2023-04-02 17:53:27,028 [INFO] PluginManage:307 - Check plugin tutovideos
2023-04-02 17:53:27,185 [INFO] PluginManage:356 - Loaded plugin tutovideos (category:base,tabindex:-1)
2023-04-02 17:53:27,185 [INFO] PluginManage:307 - Check plugin updater
2023-04-02 17:53:27,200 [INFO] PluginManage:356 - Loaded plugin updater (category:base,tabindex:12)
2023-04-02 17:53:27,200 [INFO] PluginManage:280 - PluginManage : Loaded plugins [15]
2023-04-02 17:53:27,413 [INFO] PinOutPanel:1477 - setPackage(No Configuration,No Configuration)
2023-04-02 17:53:27,476 [INFO] CADModel:164 - CPN selected for project level
2023-04-02 17:53:27,476 [INFO] CADModel:113 - Register for checkConnection events
2023-04-02 17:53:27,491 [INFO] IPUIPlugin:79 - create IPUIPlugin
2023-04-02 17:53:27,491 [INFO] PluginManager:219 - loadIPPluginJar : add adc
2023-04-02 17:53:27,491 [INFO] IPUIPlugin:79 - create IPUIPlugin
2023-04-02 17:53:27,491 [INFO] PluginManager:219 - loadIPPluginJar : add aes
2023-04-02 17:53:27,491 [INFO] IPUIPlugin:79 - create IPUIPlugin
2023-04-02 17:53:27,491 [INFO] PluginManager:219 - loadIPPluginJar : add can
2023-04-02 17:53:27,491 [INFO] IPUIPlugin:79 - create IPUIPlugin
2023-04-02 17:53:27,491 [INFO] PluginManager:219 - loadIPPluginJar : add comp
2023-04-02 17:53:27,491 [INFO] IPUIPlugin:79 - create IPUIPlugin
2023-04-02 17:53:27,491 [INFO] PluginManager:219 - loadIPPluginJar : add cryp
2023-04-02 17:53:27,491 [INFO] IPUIPlugin:79 - create IPUIPlugin
2023-04-02 17:53:27,491 [INFO] PluginManager:219 - loadIPPluginJar : add dfsdm
2023-04-02 17:53:27,507 [INFO] IPUIPlugin:79 - create IPUIPlugin
2023-04-02 17:53:27,507 [INFO] PluginManager:219 - loadIPPluginJar : add dma
2023-04-02 17:53:27,507 [INFO] IPUIPlugin:79 - create IPUIPlugin
2023-04-02 17:53:27,507 [INFO] PluginManager:219 - loadIPPluginJar : add dma3
2023-04-02 17:53:27,507 [INFO] IPUIPlugin:79 - create IPUIPlugin
2023-04-02 17:53:27,507 [INFO] PluginManager:219 - loadIPPluginJar : add fatfs
2023-04-02 17:53:27,523 [INFO] IPUIPlugin:79 - create IPUIPlugin
2023-04-02 17:53:27,523 [INFO] PluginManager:219 - loadIPPluginJar : add fmc
2023-04-02 17:53:27,523 [INFO] IPUIPlugin:79 - create IPUIPlugin
2023-04-02 17:53:27,523 [INFO] PluginManager:219 - loadIPPluginJar : add freertos
2023-04-02 17:53:27,523 [INFO] IPUIPlugin:79 - create IPUIPlugin
2023-04-02 17:53:27,523 [INFO] PluginManager:219 - loadIPPluginJar : add genericplugin
2023-04-02 17:53:27,523 [INFO] IPUIPlugin:79 - create IPUIPlugin
2023-04-02 17:53:27,523 [INFO] PluginManager:219 - loadIPPluginJar : add gfxmmu
2023-04-02 17:53:27,538 [INFO] IPUIPlugin:79 - create IPUIPlugin
2023-04-02 17:53:27,538 [INFO] PluginManager:219 - loadIPPluginJar : add gic
2023-04-02 17:53:27,538 [INFO] IPUIPlugin:79 - create IPUIPlugin
2023-04-02 17:53:27,538 [INFO] PluginManager:219 - loadIPPluginJar : add gpio
2023-04-02 17:53:27,538 [INFO] IPUIPlugin:79 - create IPUIPlugin
2023-04-02 17:53:27,538 [INFO] PluginManager:219 - loadIPPluginJar : add gtzc
2023-04-02 17:53:27,538 [INFO] IPUIPlugin:79 - create IPUIPlugin
2023-04-02 17:53:27,538 [INFO] PluginManager:219 - loadIPPluginJar : add hash
2023-04-02 17:53:27,538 [INFO] IPUIPlugin:79 - create IPUIPlugin
2023-04-02 17:53:27,538 [INFO] PluginManager:219 - loadIPPluginJar : add i2c
2023-04-02 17:53:27,538 [INFO] IPUIPlugin:79 - create IPUIPlugin
2023-04-02 17:53:27,538 [INFO] PluginManager:219 - loadIPPluginJar : add i2s
2023-04-02 17:53:27,554 [INFO] IPUIPlugin:79 - create IPUIPlugin
2023-04-02 17:53:27,554 [INFO] PluginManager:219 - loadIPPluginJar : add ipddr
2023-04-02 17:53:27,554 [INFO] IPUIPlugin:79 - create IPUIPlugin
2023-04-02 17:53:27,554 [INFO] PluginManager:219 - loadIPPluginJar : add linkedlist
2023-04-02 17:53:27,554 [INFO] IPUIPlugin:79 - create IPUIPlugin
2023-04-02 17:53:27,554 [INFO] PluginManager:219 - loadIPPluginJar : add lorawan
2023-04-02 17:53:27,554 [INFO] IPUIPlugin:79 - create IPUIPlugin
2023-04-02 17:53:27,554 [INFO] PluginManager:219 - loadIPPluginJar : add ltdc
2023-04-02 17:53:27,570 [INFO] IPUIPlugin:79 - create IPUIPlugin
2023-04-02 17:53:27,570 [INFO] PluginManager:219 - loadIPPluginJar : add mdma
2023-04-02 17:53:27,570 [INFO] IPUIPlugin:79 - create IPUIPlugin
2023-04-02 17:53:27,570 [INFO] PluginManager:219 - loadIPPluginJar : add nvic
2023-04-02 17:53:27,570 [INFO] IPUIPlugin:79 - create IPUIPlugin
2023-04-02 17:53:27,570 [INFO] PluginManager:219 - loadIPPluginJar : add opamp
2023-04-02 17:53:27,570 [INFO] IPUIPlugin:79 - create IPUIPlugin
2023-04-02 17:53:27,570 [INFO] PluginManager:219 - loadIPPluginJar : add openamp
2023-04-02 17:53:27,570 [INFO] IPUIPlugin:79 - create IPUIPlugin
2023-04-02 17:53:27,570 [INFO] PluginManager:219 - loadIPPluginJar : add pdm2pcm
2023-04-02 17:53:27,585 [INFO] IPUIPlugin:79 - create IPUIPlugin
2023-04-02 17:53:27,585 [INFO] PluginManager:219 - loadIPPluginJar : add plateformsettings
2023-04-02 17:53:27,585 [INFO] IPUIPlugin:79 - create IPUIPlugin
2023-04-02 17:53:27,585 [INFO] PluginManager:219 - loadIPPluginJar : add quadspi
2023-04-02 17:53:27,585 [INFO] IPUIPlugin:79 - create IPUIPlugin
2023-04-02 17:53:27,585 [INFO] PluginManager:219 - loadIPPluginJar : add resmgrutility
2023-04-02 17:53:27,585 [INFO] IPUIPlugin:79 - create IPUIPlugin
2023-04-02 17:53:27,585 [INFO] PluginManager:219 - loadIPPluginJar : add sai
2023-04-02 17:53:27,585 [INFO] IPUIPlugin:79 - create IPUIPlugin
2023-04-02 17:53:27,585 [INFO] PluginManager:219 - loadIPPluginJar : add spi
2023-04-02 17:53:27,601 [INFO] IPUIPlugin:79 - create IPUIPlugin
2023-04-02 17:53:27,601 [INFO] PluginManager:219 - loadIPPluginJar : add stm32_wpan
2023-04-02 17:53:27,601 [INFO] IPUIPlugin:79 - create IPUIPlugin
2023-04-02 17:53:27,601 [INFO] PluginManager:219 - loadIPPluginJar : add tim
2023-04-02 17:53:27,601 [INFO] IPUIPlugin:79 - create IPUIPlugin
2023-04-02 17:53:27,601 [INFO] PluginManager:219 - loadIPPluginJar : add touchsensing
2023-04-02 17:53:27,601 [INFO] IPUIPlugin:79 - create IPUIPlugin
2023-04-02 17:53:27,601 [INFO] PluginManager:219 - loadIPPluginJar : add tracer_emb
2023-04-02 17:53:27,601 [INFO] IPUIPlugin:79 - create IPUIPlugin
2023-04-02 17:53:27,601 [INFO] PluginManager:219 - loadIPPluginJar : add ts
2023-04-02 17:53:27,601 [INFO] IPUIPlugin:79 - create IPUIPlugin
2023-04-02 17:53:27,601 [INFO] PluginManager:219 - loadIPPluginJar : add tsc
2023-04-02 17:53:27,601 [INFO] IPUIPlugin:79 - create IPUIPlugin
2023-04-02 17:53:27,601 [INFO] PluginManager:219 - loadIPPluginJar : add ucpd
2023-04-02 17:53:27,616 [INFO] IPUIPlugin:79 - create IPUIPlugin
2023-04-02 17:53:27,616 [INFO] PluginManager:219 - loadIPPluginJar : add usart
2023-04-02 17:53:27,616 [INFO] IPUIPlugin:79 - create IPUIPlugin
2023-04-02 17:53:27,616 [INFO] PluginManager:219 - loadIPPluginJar : add usbx
2023-04-02 17:53:27,742 [INFO] CADModel:164 - CPN selected for project level
2023-04-02 17:53:27,742 [INFO] CADModel:113 - Register for checkConnection events
2023-04-02 17:53:27,742 [FATAL] Updater:308 - Updater called before beeing initialized
2023-04-02 17:53:27,742 [ERROR] CADModel:124 - Updater not yet initialized, retry later 
2023-04-02 17:53:27,852 [INFO] CADModel:164 - CPN selected for project level
2023-04-02 17:53:27,852 [INFO] CADModel:113 - Register for checkConnection events
2023-04-02 17:53:27,852 [FATAL] Updater:308 - Updater called before beeing initialized
2023-04-02 17:53:27,852 [ERROR] CADModel:124 - Updater not yet initialized, retry later 
2023-04-02 17:53:27,852 [FATAL] Updater:308 - Updater called before beeing initialized
2023-04-02 17:53:27,977 [FATAL] Updater:308 - Updater called before beeing initialized
2023-04-02 17:53:27,977 [INFO] DbMcusAds:52 - JSON generation date=Tue Mar 07 11:50:55 MSK 2023 (1678179055335)
2023-04-02 17:53:27,977 [FATAL] Updater:308 - Updater called before beeing initialized
2023-04-02 17:53:28,008 [WARN] DetailPanel:344 - Failed to get advertising image, set to default
2023-04-02 17:53:28,133 [FATAL] Updater:308 - Updater called before beeing initialized
2023-04-02 17:53:28,149 [FATAL] Updater:308 - Updater called before beeing initialized
2023-04-02 17:53:28,149 [FATAL] Updater:308 - Updater called before beeing initialized
2023-04-02 17:53:28,149 [WARN] DetailPanel:344 - Failed to get advertising image, set to default
2023-04-02 17:53:28,149 [FATAL] Updater:308 - Updater called before beeing initialized
2023-04-02 17:53:28,195 [ERROR] Updater:1120 - MainUpdater not yet initialized. External WinMGr cannot be set.
2023-04-02 17:53:28,195 [INFO] Updater:1056 - Updater Version found : 6.7.0
2023-04-02 17:53:28,211 [INFO] ApplicationProperties:181 - Using Application install path: C:\ST\STM32CubeIDE_1.9.0\STM32CubeIDE\plugins\com.st.stm32cube.common.mx_6.7.0.202301130839
2023-04-02 17:53:28,461 [INFO] MainUpdater:2800 - connection check result : 10
2023-04-02 17:53:28,461 [INFO] MainUpdater:282 - Updater Check For Update Now.
2023-04-02 17:53:28,461 [INFO] MicroXplorer:481 - Change Database Version : DB.6.0.70
2023-04-02 17:53:28,633 [INFO] CheckServerUpdateThread:119 - End of CheckServer Thread
2023-04-02 17:53:28,680 [INFO] MainUpdater:2800 - connection check result : 10
2023-04-02 17:53:30,037 [INFO] ApiDb:580 - Connected to CubeFinder SQLite database (C:\Users\New user\.stmcufinder\plugins\mcufinder\mcu\cube-finder-db.db)
2023-04-02 17:53:30,115 [INFO] ApiDb:667 - CubeFinder database Data Model version=2.1
2023-04-02 17:53:30,115 [INFO] ApiDb:668 - CubeFinder database Configuration version=3.0.35
2023-04-02 17:53:30,115 [INFO] ApiDb:669 - CubeFinder database generation date=2023-03-10 (1678456172)
2023-04-02 17:53:30,115 [INFO] ApiDb:670 - CubeFinder database FW Pack versions=[FP-ATR-ASTRA1_V1.1.1, STM32Cube_FW_C0_V1.0.1, STM32Cube_FW_F0_V1.11.4, STM32Cube_FW_F3_V1.11.4, STM32Cube_FW_F4_V1.27.1, STM32Cube_FW_F7_V1.17.0, STM32Cube_FW_G0_V1.6.1, STM32Cube_FW_G4_V1.5.1, STM32Cube_FW_H5_V0.5.1, STM32Cube_FW_H5_V1.0.0, STM32Cube_FW_H7_V1.11.0, STM32Cube_FW_L0_V1.12.2, STM32Cube_FW_L5_V1.5.0, STM32Cube_FW_U5_V1.2.0, STM32Cube_FW_WBA_V1.0.0, STM32Cube_FW_WBA_V1.0.0RC1, STM32Cube_FW_WBA_V1.0.0RC3, STM32Cube_FW_WB_V1.15.0RC1, STM32Cube_FW_WB_V1.16.0, STM32Cube_FW_WB_V1.16.0RC2, STM32Cube_FW_WL_V1.3.0, X-CUBE-ALGOBUILD_V1.3.0, X-CUBE-ALS_V1.0.1, X-CUBE-AZRTOS-F4_V1.1.0, X-CUBE-AZRTOS-F7_V1.1.0, X-CUBE-AZRTOS-G0_V1.1.0, X-CUBE-AZRTOS-G4_V1.0.0, X-CUBE-AZRTOS-H7_V3.0.0, X-CUBE-AZRTOS-L4_V1.0.0, X-CUBE-AZRTOS-L5_V1.1.0, X-CUBE-AZRTOS-WB_V1.1.0, X-CUBE-AZRTOS-WL_V1.0.0, X-CUBE-BLE1_V6.2.4, X-CUBE-BLE2_V3.3.0, X-CUBE-BLEMGR_V1.3.0, X-CUBE-EEPRMA1_V4.1.0, X-CUBE-GNSS1_V6.0.0, X-CUBE-MEMS1_V9.1.0, X-CUBE-MEMS1_V9.4.0, X-CUBE-MEMS1_V9.5.0, X-CUBE-NFC4_V3.0.0, X-CUBE-NFC7_V1.0.0, X-CUBE-SFXS2LP1_V4.0.0, X-CUBE-SUBG2_V5.0.0]
2023-04-02 17:53:30,209 [WARN] PackLoader:242 - Cannot read IP mode file for STMicroelectronics.X-CUBE-GNSS1.6.0.0
2023-04-02 17:53:30,256 [WARN] PackLoader:242 - Cannot read IP mode file for STMicroelectronics.X-CUBE-AZRTOS-F4.1.1.0
2023-04-02 17:53:30,272 [WARN] PackLoader:242 - Cannot read IP mode file for STMicroelectronics.X-CUBE-BLEMGR.1.2.0
2023-04-02 17:53:30,303 [WARN] PackLoader:242 - Cannot read IP mode file for STMicroelectronics.X-CUBE-AZRTOS-F7.1.1.0
2023-04-02 17:53:30,319 [WARN] PackLoader:242 - Cannot read IP mode file for STMicroelectronics.X-CUBE-BLE1.6.2.3
2023-04-02 17:53:30,319 [WARN] PackLoader:242 - Cannot read IP mode file for STMicroelectronics.X-CUBE-BLE1.6.2.4
2023-04-02 17:53:30,334 [WARN] PackLoader:242 - Cannot read IP mode file for STMicroelectronics.X-CUBE-BLEMGR.2.0.0
2023-04-02 17:53:30,350 [WARN] PackLoader:242 - Cannot read IP mode file for STMicroelectronics.X-CUBE-NFC4.2.0.5
2023-04-02 17:53:30,365 [WARN] PackLoader:242 - Cannot read IP mode file for STMicroelectronics.X-CUBE-NFC4.2.0.4
2023-04-02 17:53:30,381 [WARN] PackLoader:242 - Cannot read IP mode file for STMicroelectronics.X-CUBE-TOF1.3.1.0
2023-04-02 17:53:30,412 [WARN] PackLoader:242 - Cannot read IP mode file for STMicroelectronics.X-CUBE-DISPLAY.3.0.0
2023-04-02 17:53:30,428 [WARN] PackLoader:242 - Cannot read IP mode file for STMicroelectronics.X-CUBE-NFC7.1.0.0
2023-04-02 17:53:30,495 [WARN] PackLoader:242 - Cannot read IP mode file for STMicroelectronics.X-CUBE-MEMS1.9.3.0
2023-04-02 17:53:30,705 [WARN] PackLoader:242 - Cannot read IP mode file for STMicroelectronics.X-CUBE-AI.7.2.0
2023-04-02 17:53:30,710 [WARN] PackLoader:242 - Cannot read IP mode file for WES.I-CUBE-Cesium.1.3.0
2023-04-02 17:53:30,730 [WARN] PackLoader:242 - Cannot read IP mode file for STMicroelectronics.X-CUBE-SFXS2LP1.4.0.0
2023-04-02 17:53:30,735 [WARN] PackLoader:242 - Cannot read IP mode file for STMicroelectronics.X-CUBE-BLE2.3.3.0
2023-04-02 17:53:30,751 [WARN] PackLoader:242 - Cannot read IP mode file for STMicroelectronics.X-CUBE-DISPLAY.2.2.0
2023-04-02 17:53:30,775 [WARN] PackLoader:242 - Cannot read IP mode file for STMicroelectronics.X-CUBE-TOF1.3.2.0
2023-04-02 17:53:30,831 [WARN] PackLoader:242 - Cannot read IP mode file for STMicroelectronics.X-CUBE-AZRTOS-H7.3.0.0
2023-04-02 17:53:30,841 [WARN] PackLoader:242 - Cannot read IP mode file for STMicroelectronics.X-CUBE-ISPU.1.0.0
2023-04-02 17:53:30,846 [WARN] PackLoader:242 - Cannot read IP mode file for STMicroelectronics.X-CUBE-ISPU.1.1.0
2023-04-02 17:53:30,860 [WARN] PackLoader:242 - Cannot read IP mode file for RoweBots.I-CUBE-UNISONRTOS.5.5.0-4
2023-04-02 17:53:30,897 [WARN] PackLoader:242 - Cannot read IP mode file for STMicroelectronics.X-CUBE-AZRTOS-H7.2.1.0
2023-04-02 17:53:30,907 [WARN] PackLoader:242 - Cannot read IP mode file for wolfSSL.I-CUBE-wolfSSL.5.4.0
2023-04-02 17:53:30,907 [WARN] PackLoader:242 - Cannot read IP mode file for STMicroelectronics.X-CUBE-AI.8.0.0
2023-04-02 17:53:30,917 [WARN] PackLoader:242 - Cannot read IP mode file for STMicroelectronics.X-CUBE-FREERTOS.1.0.0
2023-04-02 17:53:30,917 [WARN] PackLoader:242 - Cannot read IP mode file for STMicroelectronics.X-CUBE-TOUCHGFX.4.21.1
2023-04-02 17:53:30,927 [WARN] PackLoader:242 - Cannot read IP mode file for STMicroelectronics.X-CUBE-TOUCHGFX.4.21.0
2023-04-02 17:53:30,938 [WARN] PackLoader:242 - Cannot read IP mode file for STMicroelectronics.X-CUBE-TOUCHGFX.4.21.3
2023-04-02 17:53:30,938 [WARN] PackLoader:242 - Cannot read IP mode file for STMicroelectronics.X-CUBE-BLEMGR.1.0.0
2023-04-02 17:53:31,017 [WARN] PackLoader:242 - Cannot read IP mode file for STMicroelectronics.X-CUBE-MEMS1.9.4.0
2023-04-02 17:53:31,209 [WARN] PackLoader:242 - Cannot read IP mode file for STMicroelectronics.X-CUBE-AI.7.3.0
2023-04-02 17:53:31,211 [WARN] PackLoader:242 - Cannot read IP mode file for STMicroelectronics.X-CUBE-ALGOBUILD.1.3.0
2023-04-02 17:53:31,231 [WARN] PackLoader:242 - Cannot read IP mode file for STMicroelectronics.X-CUBE-AZRTOS-L5.1.1.0
2023-04-02 17:53:31,249 [WARN] PackLoader:242 - Cannot read IP mode file for STMicroelectronics.X-CUBE-AZRTOS-G0.1.1.0
2023-04-02 17:53:31,261 [WARN] PackLoader:242 - Cannot read IP mode file for STMicroelectronics.X-CUBE-SUBG2.5.0.0
2023-04-02 17:53:31,276 [WARN] PackLoader:242 - Cannot read IP mode file for STMicroelectronics.X-CUBE-NFC4.3.0.0
2023-04-02 17:53:31,316 [WARN] PackLoader:242 - Cannot read IP mode file for SEGGER.I-CUBE-embOS.1.2.0
2023-04-02 17:53:31,346 [WARN] PackLoader:242 - Cannot read IP mode file for STMicroelectronics.X-CUBE-TOF1.3.3.0
2023-04-02 17:53:31,372 [WARN] PackLoader:242 - Cannot read IP mode file for STMicroelectronics.FP-ATR-ASTRA1.1.1.1
2023-04-02 17:53:31,376 [WARN] PackLoader:242 - Cannot read IP mode file for STMicroelectronics.FP-ATR-ASTRA1.1.1.0
2023-04-02 17:53:31,386 [WARN] PackLoader:242 - Cannot read IP mode file for STMicroelectronics.X-CUBE-BLEMGR.1.3.0
2023-04-02 17:53:31,405 [WARN] PackLoader:242 - Cannot read IP mode file for STMicroelectronics.X-CUBE-AZRTOS-G4.1.0.0
2023-04-02 17:53:31,416 [WARN] PackLoader:242 - Cannot read IP mode file for STMicroelectronics.FP-ATR-SIGFOX1.3.2.0
2023-04-02 17:53:31,436 [WARN] PackLoader:242 - Cannot read IP mode file for STMicroelectronics.X-CUBE-AZRTOS-L4.1.0.0
2023-04-02 17:53:31,446 [WARN] PackLoader:242 - Cannot read IP mode file for emotas.I-CUBE-CANOPEN.1.1.2
2023-04-02 17:53:31,450 [WARN] PackLoader:242 - Cannot read IP mode file for STMicroelectronics.X-CUBE-TOUCHGFX.4.20.0
2023-04-02 17:53:31,462 [WARN] PackLoader:242 - Cannot read IP mode file for STMicroelectronics.X-CUBE-AZRTOS-WL.1.0.0
2023-04-02 17:53:31,473 [WARN] PackLoader:242 - Cannot read IP mode file for portGmbH.I-Cube-SoM-uGOAL.1.1.0
2023-04-02 17:53:31,481 [WARN] PackLoader:242 - Cannot read IP mode file for STMicroelectronics.X-CUBE-ALS.1.0.1
2023-04-02 17:53:31,546 [WARN] PackLoader:242 - Cannot read IP mode file for STMicroelectronics.X-CUBE-MEMS1.9.5.0
2023-04-02 17:53:31,714 [WARN] PackLoader:242 - Cannot read IP mode file for STMicroelectronics.X-CUBE-AZRTOS-WB.1.1.0
2023-04-02 17:53:31,740 [WARN] PackLoader:242 - Cannot read IP mode file for SEGGER.I-CUBE-embOS.1.3.1
2023-04-02 17:53:31,820 [WARN] PackLoader:242 - Cannot read IP mode file for STMicroelectronics.X-CUBE-AZRTOS-L5.1.0.0
2023-04-02 17:53:31,830 [WARN] PackLoader:242 - Cannot read IP mode file for STMicroelectronics.X-CUBE-EEPRMA1.3.1.1
2023-04-02 17:53:31,838 [INFO] ThirdParty:947 - Integrity check success = true
2023-04-02 17:53:31,838 [INFO] IntegrityCheckThread:98 - exiting critical section [integrity check]
2023-04-02 17:53:31,838 [INFO] IntegrityCheckThread:101 - End integrity checks thread
2023-04-02 17:53:32,570 [INFO] ApiDb:239 - Found 143 in-development CPN: [B-WB1M-WPAN1, B-WL5M-SUBG1, NUCLEO-C031C6, STEVAL-PROTEUS1, STEVAL-STWINBX1, STM320518-EVAL, STM32C0116-DK, STM32C011D6Y3TR, STM32C011D6Y6TR, STM32C011F4P3, STM32C011F4P6, STM32C011F4U3, STM32C011F4U6TR, STM32C011F6P3, STM32C011F6P6, STM32C011F6U3, STM32C011F6U6TR, STM32C011J4M3, STM32C011J4M6, STM32C011J6M3, STM32C011J6M6, STM32C0316-DK, STM32C031C4T3, STM32C031C4T6, STM32C031C4U3, STM32C031C4U6, STM32C031C6T3, STM32C031C6T6, STM32C031C6U3, STM32C031C6U6, STM32C031F4P3, STM32C031F4P6, STM32C031F6P3, STM32C031F6P6, STM32C031G4U3, STM32C031G4U6, STM32C031G6U3, STM32C031G6U6, STM32C031K4T3, STM32C031K4T6, STM32C031K4U3, STM32C031K4U6, STM32C031K6T3, STM32C031K6T6, STM32C031K6U3, STM32C031K6U6, STM32G071K8TXN, STM32G071K8UXN, STM32G081GBU6N, STM32G081KBT6N, STM32G081KBUXN, STM32G0B1CCT6N, STM32G0B1KCT6, STM32G0B1NEY6TR, STM32G0B1RCT6N, STM32G0C1CCT6, STM32G0C1CCT6N, STM32G0C1CCU6N, STM32G0C1CET6N, STM32G0C1CEU6N, STM32G0C1KCT6, STM32G0C1NEY6TR, STM32G0C1RCI6N, STM32G0C1RCT6N, STM32G0C1REI6N, STM32G0C1RET6N, STM32G0C1VCI6, STM32G0C1VEI6, STM32G471CCT6, STM32G471CCU6, STM32G471CET3, STM32G471CET6, STM32G471CEU3, STM32G471CEU6, STM32G471MCT6, STM32G471MET3, STM32G471MET6, STM32G471MEY6TR, STM32G471QCT6, STM32G471QET3, STM32G471RCT6, STM32G471RET3, STM32G471RET6, STM32G471VCH6, STM32G471VCI6, STM32G471VCT6, STM32G471VEH3, STM32G471VEH6, STM32G471VEI3, STM32G471VEI6, STM32G471VET3, STM32G471VET6, STM32G474CCT6, STM32L476VGY6PTR, STM32L4R5QGI6STR, STM32MP131AAE3, STM32MP131AAF3, STM32MP131AAG3, STM32MP131CAE3, STM32MP131CAF3, STM32MP131CAG3, STM32MP131DAE7, STM32MP131DAF7, STM32MP131DAG7, STM32MP131FAE7, STM32MP131FAF7, STM32MP131FAG7, STM32MP133AAE3, STM32MP133AAF3, STM32MP133AAG3, STM32MP133CAE3, STM32MP133CAF3, STM32MP133CAG3, STM32MP133DAE7, STM32MP133DAF7, STM32MP133DAG7, STM32MP133FAE7, STM32MP133FAF7, STM32MP133FAG7, STM32MP135AAE3, STM32MP135AAF3, STM32MP135AAG3, STM32MP135CAE3, STM32MP135CAF3, STM32MP135CAG3, STM32MP135DAE7, STM32MP135DAF7, STM32MP135DAG7, STM32MP135F-DK, STM32MP135FAE7, STM32MP135FAF7, STM32MP135FAF7T, STM32MP135FAF7U, STM32MP135FAG7, STM32U595ZJT6Q, STM32U599BJY6QTR, STM32U599NIH6Q, STM32U599NJH6Q, STM32U5A5ZJT6Q, STM32U5A9BJY6QTR, STM32U5A9NJH6Q, STM32WB1MMCH6, STM32WL5MOCH6TR]
2023-04-02 17:53:32,575 [INFO] DbMcus:215 - Found 3680 MCUs, 3680 are supported
2023-04-02 17:53:32,585 [INFO] ApiDb:422 - Load user favorites file C:\Users\New user/.stm32cubeide/favorites.mcus.txt: 0 item(s)
2023-04-02 17:53:32,585 [INFO] ApiDb:426 - User favorites MCUs=[]
2023-04-02 17:53:32,585 [INFO] DbMcus:221 - Set 0 / 0 favorites MCUs
2023-04-02 17:53:32,750 [INFO] McuFinderGlobals:65 - Set McuFinderConnectedMode to true
2023-04-02 17:53:32,755 [INFO] MultiScanPanel:196 - Auto-refresh data requested => check proxy status ongoing
2023-04-02 17:53:32,760 [INFO] FinderPluginLoader:92 - Searching for filters in installed packs
2023-04-02 17:53:34,012 [INFO] LoadUrlFilesThread:179 - End of LoadServerUrlFiles without Thread
2023-04-02 17:53:34,012 [INFO] DetailPanel:339 - Set advertising image to C:/Users/New user/STM32Cube/Repository/\en.prom-stm32h5-mcu-finder.jpg
2023-04-02 17:53:34,543 [INFO] ApiDb:667 - CubeFinder database Data Model version=2.1
2023-04-02 17:53:34,543 [INFO] ApiDb:668 - CubeFinder database Configuration version=3.0.35
2023-04-02 17:53:34,543 [INFO] ApiDb:669 - CubeFinder database generation date=2023-03-10 (1678456172)
2023-04-02 17:53:34,543 [INFO] ApiDb:670 - CubeFinder database FW Pack versions=[FP-ATR-ASTRA1_V1.1.1, STM32Cube_FW_C0_V1.0.1, STM32Cube_FW_F0_V1.11.4, STM32Cube_FW_F3_V1.11.4, STM32Cube_FW_F4_V1.27.1, STM32Cube_FW_F7_V1.17.0, STM32Cube_FW_G0_V1.6.1, STM32Cube_FW_G4_V1.5.1, STM32Cube_FW_H5_V0.5.1, STM32Cube_FW_H5_V1.0.0, STM32Cube_FW_H7_V1.11.0, STM32Cube_FW_L0_V1.12.2, STM32Cube_FW_L5_V1.5.0, STM32Cube_FW_U5_V1.2.0, STM32Cube_FW_WBA_V1.0.0, STM32Cube_FW_WBA_V1.0.0RC1, STM32Cube_FW_WBA_V1.0.0RC3, STM32Cube_FW_WB_V1.15.0RC1, STM32Cube_FW_WB_V1.16.0, STM32Cube_FW_WB_V1.16.0RC2, STM32Cube_FW_WL_V1.3.0, X-CUBE-ALGOBUILD_V1.3.0, X-CUBE-ALS_V1.0.1, X-CUBE-AZRTOS-F4_V1.1.0, X-CUBE-AZRTOS-F7_V1.1.0, X-CUBE-AZRTOS-G0_V1.1.0, X-CUBE-AZRTOS-G4_V1.0.0, X-CUBE-AZRTOS-H7_V3.0.0, X-CUBE-AZRTOS-L4_V1.0.0, X-CUBE-AZRTOS-L5_V1.1.0, X-CUBE-AZRTOS-WB_V1.1.0, X-CUBE-AZRTOS-WL_V1.0.0, X-CUBE-BLE1_V6.2.4, X-CUBE-BLE2_V3.3.0, X-CUBE-BLEMGR_V1.3.0, X-CUBE-EEPRMA1_V4.1.0, X-CUBE-GNSS1_V6.0.0, X-CUBE-MEMS1_V9.1.0, X-CUBE-MEMS1_V9.4.0, X-CUBE-MEMS1_V9.5.0, X-CUBE-NFC4_V3.0.0, X-CUBE-NFC7_V1.0.0, X-CUBE-SFXS2LP1_V4.0.0, X-CUBE-SUBG2_V5.0.0]
2023-04-02 17:53:34,610 [INFO] DbBoardsSqlite:225 - include board P-NUCLEO-WB55-NUCLEO as a kit item of type 'Nucleo-64'
2023-04-02 17:53:34,610 [INFO] DbBoardsSqlite:225 - include board P-NUCLEO-WB55-USBDONGLE as a kit item of type 'Nucleo USB Dongle'
2023-04-02 17:53:34,610 [INFO] DbBoardsSqlite:225 - include board STEVAL-IDP005V1 as a kit item of type 'Evaluation Board'
2023-04-02 17:53:34,610 [INFO] DbBoardsSqlite:225 - include board STEVAL-IDP005V2 as a kit item of type 'Evaluation Board'
2023-04-02 17:53:34,673 [INFO] ApiDb:239 - Found 143 in-development CPN: [B-WB1M-WPAN1, B-WL5M-SUBG1, NUCLEO-C031C6, STEVAL-PROTEUS1, STEVAL-STWINBX1, STM320518-EVAL, STM32C0116-DK, STM32C011D6Y3TR, STM32C011D6Y6TR, STM32C011F4P3, STM32C011F4P6, STM32C011F4U3, STM32C011F4U6TR, STM32C011F6P3, STM32C011F6P6, STM32C011F6U3, STM32C011F6U6TR, STM32C011J4M3, STM32C011J4M6, STM32C011J6M3, STM32C011J6M6, STM32C0316-DK, STM32C031C4T3, STM32C031C4T6, STM32C031C4U3, STM32C031C4U6, STM32C031C6T3, STM32C031C6T6, STM32C031C6U3, STM32C031C6U6, STM32C031F4P3, STM32C031F4P6, STM32C031F6P3, STM32C031F6P6, STM32C031G4U3, STM32C031G4U6, STM32C031G6U3, STM32C031G6U6, STM32C031K4T3, STM32C031K4T6, STM32C031K4U3, STM32C031K4U6, STM32C031K6T3, STM32C031K6T6, STM32C031K6U3, STM32C031K6U6, STM32G071K8TXN, STM32G071K8UXN, STM32G081GBU6N, STM32G081KBT6N, STM32G081KBUXN, STM32G0B1CCT6N, STM32G0B1KCT6, STM32G0B1NEY6TR, STM32G0B1RCT6N, STM32G0C1CCT6, STM32G0C1CCT6N, STM32G0C1CCU6N, STM32G0C1CET6N, STM32G0C1CEU6N, STM32G0C1KCT6, STM32G0C1NEY6TR, STM32G0C1RCI6N, STM32G0C1RCT6N, STM32G0C1REI6N, STM32G0C1RET6N, STM32G0C1VCI6, STM32G0C1VEI6, STM32G471CCT6, STM32G471CCU6, STM32G471CET3, STM32G471CET6, STM32G471CEU3, STM32G471CEU6, STM32G471MCT6, STM32G471MET3, STM32G471MET6, STM32G471MEY6TR, STM32G471QCT6, STM32G471QET3, STM32G471RCT6, STM32G471RET3, STM32G471RET6, STM32G471VCH6, STM32G471VCI6, STM32G471VCT6, STM32G471VEH3, STM32G471VEH6, STM32G471VEI3, STM32G471VEI6, STM32G471VET3, STM32G471VET6, STM32G474CCT6, STM32L476VGY6PTR, STM32L4R5QGI6STR, STM32MP131AAE3, STM32MP131AAF3, STM32MP131AAG3, STM32MP131CAE3, STM32MP131CAF3, STM32MP131CAG3, STM32MP131DAE7, STM32MP131DAF7, STM32MP131DAG7, STM32MP131FAE7, STM32MP131FAF7, STM32MP131FAG7, STM32MP133AAE3, STM32MP133AAF3, STM32MP133AAG3, STM32MP133CAE3, STM32MP133CAF3, STM32MP133CAG3, STM32MP133DAE7, STM32MP133DAF7, STM32MP133DAG7, STM32MP133FAE7, STM32MP133FAF7, STM32MP133FAG7, STM32MP135AAE3, STM32MP135AAF3, STM32MP135AAG3, STM32MP135CAE3, STM32MP135CAF3, STM32MP135CAG3, STM32MP135DAE7, STM32MP135DAF7, STM32MP135DAG7, STM32MP135F-DK, STM32MP135FAE7, STM32MP135FAF7, STM32MP135FAF7T, STM32MP135FAF7U, STM32MP135FAG7, STM32U595ZJT6Q, STM32U599BJY6QTR, STM32U599NIH6Q, STM32U599NJH6Q, STM32U5A5ZJT6Q, STM32U5A9BJY6QTR, STM32U5A9NJH6Q, STM32WB1MMCH6, STM32WL5MOCH6TR]
2023-04-02 17:53:34,767 [INFO] BoardInfo:879 - No configuration file found for board P-NUCLEO-WB55
2023-04-02 17:53:34,767 [INFO] DbBoards:156 - Kit is not supported: P-NUCLEO-WB55
2023-04-02 17:53:34,783 [INFO] BoardInfo:879 - No configuration file found for board STEVAL-BFA001V1B
2023-04-02 17:53:34,783 [INFO] DbBoards:156 - Kit is not supported: STEVAL-BFA001V1B
2023-04-02 17:53:34,783 [INFO] BoardInfo:879 - No configuration file found for board STEVAL-BFA001V2B
2023-04-02 17:53:34,783 [INFO] DbBoards:156 - Kit is not supported: STEVAL-BFA001V2B
2023-04-02 17:53:34,861 [INFO] DbBoards:160 - Found 179 boards, 176 are supported
2023-04-02 17:53:34,861 [INFO] ApiDb:422 - Load user favorites file C:\Users\New user/.stm32cubeide/favorites.boards.txt: 0 item(s)
2023-04-02 17:53:34,861 [INFO] ApiDb:426 - User favorites Boards=[]
2023-04-02 17:53:34,861 [INFO] DbBoards:189 - Set 0 / 0 favorites Boards
2023-04-02 17:54:50,807 [INFO] MainUpdater:2800 - connection check result : 10
2023-04-02 17:54:50,822 [INFO] MainUpdater:2800 - connection check result : 10
2023-04-02 17:54:50,838 [INFO] MicroXplorer:451 - Change Database Path : 
2023-04-02 17:54:50,838 [INFO] MicroXplorer:481 - Change Database Version : DB.6.0.70
2023-04-02 17:54:50,838 [WARN] ThirdParty:845 - waiting for thirdparty lock release [close project]
2023-04-02 17:54:50,838 [INFO] ThirdParty:847 - entering critical section [close project]
2023-04-02 17:54:50,838 [INFO] ThirdParty:857 - exiting critical section [close project]
2023-04-02 17:54:50,838 [INFO] PinOutPanel:1477 - setPackage(No Configuration,No Configuration)
2023-04-02 17:54:50,854 [INFO] UtilMem:74 - Begin LoadConfig() Used Memory: 479479024 Bytes (556793856)
2023-04-02 17:54:50,869 [INFO] MicroXplorer:451 - Change Database Path : 
2023-04-02 17:54:50,869 [INFO] MicroXplorer:481 - Change Database Version : DB.6.0.70
2023-04-02 17:54:50,869 [INFO] OpenFileManager:307 - Change cursor
2023-04-02 17:54:50,916 [INFO] Mcu:1925 - Initializing MCU STM32L431RCTx STM32L431RCTx 
2023-04-02 17:54:50,916 [INFO] Mcu:1938 - No CPN specified => set CPN to STM32L431RCT6
2023-04-02 17:54:52,310 [INFO] Context:654 - Trying to add GPIOservice into a context  which must be forbidden
2023-04-02 17:54:52,783 [INFO] ImportTextPane:193 - (OptionalMessage_ERROR) Unable to find key (Mcu.ThirdPartyNb) in loaded IOC file
2023-04-02 17:54:52,783 [INFO] ImportTextPane:193 - (OptionalMessage_ERROR) Unable to find key (Mcu.PinsNb) in loaded IOC file
2023-04-02 17:54:52,783 [INFO] ImportTextPane:193 - (OptionalMessage_ERROR) Unable to find key (Mcu.IPNb) in loaded IOC file
2023-04-02 17:54:53,048 [INFO] RtosManager:489 - Registered RTOS mode: class=CMSIS, group=RTOS, mode=CMSIS_V1, owner=FREERTOS
2023-04-02 17:54:53,048 [INFO] RtosManager:489 - Registered RTOS mode: class=CMSIS, group=RTOS2, mode=CMSIS_V2, owner=FREERTOS
2023-04-02 17:54:53,048 [INFO] RtosManager:489 - Registered RTOS mode: class=RTOS, group=Core, mode=CMSIS_V1, owner=FREERTOS
2023-04-02 17:54:53,048 [INFO] RtosManager:489 - Registered RTOS mode: class=RTOS, group=Core, mode=CMSIS_V2, owner=FREERTOS
2023-04-02 17:54:53,048 [WARN] ModelIntegratedComponent:185 - Missing modes for component STMicroelectronics:FreeRTOS:0.0.1:STMicroelectronics:RTOS:FreeRTOS:Core:::10.2.0:
2023-04-02 17:54:53,080 [WARN] ModelIntegratedComponent:64 - No mode defined for component null
2023-04-02 17:54:53,080 [WARN] ModelIntegratedComponent:64 - No mode defined for component null
2023-04-02 17:54:53,080 [WARN] ModelIntegratedComponent:64 - No mode defined for component null
2023-04-02 17:54:53,080 [WARN] ModelIntegratedComponent:64 - No mode defined for component null
2023-04-02 17:54:53,080 [WARN] ModelIntegratedComponent:64 - No mode defined for component null
2023-04-02 17:54:53,080 [WARN] ModelIntegratedComponent:64 - No mode defined for component null
2023-04-02 17:54:53,080 [WARN] ModelIntegratedComponent:64 - No mode defined for component null
2023-04-02 17:54:53,080 [WARN] ModelIntegratedComponent:64 - No mode defined for component null
2023-04-02 17:54:53,080 [WARN] ModelIntegratedComponent:64 - No mode defined for component null
2023-04-02 17:54:53,080 [WARN] ModelIntegratedComponent:64 - No mode defined for component null
2023-04-02 17:54:53,080 [WARN] ModelIntegratedComponent:64 - No mode defined for component null
2023-04-02 17:54:53,080 [WARN] ModelIntegratedComponent:64 - No mode defined for component null
2023-04-02 17:54:53,080 [WARN] ModelIntegratedComponent:64 - No mode defined for component null
2023-04-02 17:54:53,080 [WARN] ModelIntegratedComponent:64 - No mode defined for component null
2023-04-02 17:54:53,080 [WARN] ModelIntegratedComponent:64 - No mode defined for component null
2023-04-02 17:54:53,080 [WARN] ModelIntegratedComponent:64 - No mode defined for component null
2023-04-02 17:54:53,080 [WARN] ModelIntegratedComponent:64 - No mode defined for component null
2023-04-02 17:54:53,080 [WARN] ModelIntegratedComponent:64 - No mode defined for component null
2023-04-02 17:54:53,080 [WARN] ModelIntegratedComponent:64 - No mode defined for component null
2023-04-02 17:54:53,080 [WARN] ModelIntegratedComponent:64 - No mode defined for component null
2023-04-02 17:54:53,080 [WARN] ModelIntegratedComponent:64 - No mode defined for component null
2023-04-02 17:54:53,080 [WARN] ModelIntegratedComponent:64 - No mode defined for component null
2023-04-02 17:54:53,080 [WARN] ModelIntegratedComponent:64 - No mode defined for component null
2023-04-02 17:54:53,080 [WARN] ModelIntegratedComponent:64 - No mode defined for component null
2023-04-02 17:54:53,080 [WARN] ModelIntegratedComponent:64 - No mode defined for component null
2023-04-02 17:54:53,080 [WARN] ModelIntegratedComponent:64 - No mode defined for component null
2023-04-02 17:54:53,080 [WARN] ModelIntegratedComponent:64 - No mode defined for component null
2023-04-02 17:54:53,080 [WARN] ModelIntegratedComponent:64 - No mode defined for component null
2023-04-02 17:54:53,080 [WARN] ModelIntegratedComponent:64 - No mode defined for component null
2023-04-02 17:54:53,080 [WARN] ModelIntegratedComponent:64 - No mode defined for component null
2023-04-02 17:54:53,080 [WARN] ModelIntegratedComponent:64 - No mode defined for component null
2023-04-02 17:54:53,080 [WARN] ModelIntegratedComponent:64 - No mode defined for component null
2023-04-02 17:54:53,080 [WARN] ModelIntegratedComponent:64 - No mode defined for component null
2023-04-02 17:54:53,252 [INFO] ThirdPartyModel:294 - Start build external matchings
2023-04-02 17:54:54,273 [INFO] ThirdPartyModel:310 - End build external matchings
2023-04-02 17:54:54,523 [INFO] UtilMem:74 - End LoadConfig() Used Memory: 484403056 Bytes (577765376)
2023-04-02 17:54:54,538 [WARN] ThirdParty:807 - waiting for thirdparty lock release [change project]
2023-04-02 17:54:54,538 [INFO] ThirdParty:809 - entering critical section [change project]
2023-04-02 17:54:54,538 [INFO] ThirdParty:999 - CMSIS Pack Vendor :STMicroelectronics X-CUBE-ISPU 1.1.0
2023-04-02 17:54:54,538 [INFO] ThirdParty:999 - CMSIS Pack Vendor :RoweBots I-CUBE-UNISONRTOS 5.5.0-4
2023-04-02 17:54:54,538 [INFO] ThirdParty:999 - CMSIS Pack Vendor :STMicroelectronics X-CUBE-GNSS1 6.0.0
2023-04-02 17:54:54,538 [INFO] ThirdParty:999 - CMSIS Pack Vendor :STMicroelectronics X-CUBE-AZRTOS-H7 2.1.0
2023-04-02 17:54:54,538 [INFO] ThirdParty:999 - CMSIS Pack Vendor :STMicroelectronics USB_HOST 2.0.0
2023-04-02 17:54:54,538 [INFO] ThirdParty:999 - CMSIS Pack Vendor :STMicroelectronics X-CUBE-AZRTOS-F4 1.1.0
2023-04-02 17:54:54,538 [INFO] ThirdParty:999 - CMSIS Pack Vendor :STMicroelectronics LIBJPEG 8.0.0
2023-04-02 17:54:54,538 [INFO] ThirdParty:999 - CMSIS Pack Vendor :wolfSSL I-CUBE-wolfSSL 5.4.0
2023-04-02 17:54:54,538 [INFO] ThirdParty:999 - CMSIS Pack Vendor :STMicroelectronics USB_DEVICE 3.0.0
2023-04-02 17:54:54,538 [INFO] ThirdParty:999 - CMSIS Pack Vendor :STMicroelectronics X-CUBE-AI 8.0.0
2023-04-02 17:54:54,538 [INFO] ThirdParty:999 - CMSIS Pack Vendor :STMicroelectronics X-CUBE-FREERTOS 1.0.0
2023-04-02 17:54:54,538 [INFO] ThirdParty:999 - CMSIS Pack Vendor :STMicroelectronics X-CUBE-TOUCHGFX 4.21.1
2023-04-02 17:54:54,538 [INFO] ThirdParty:999 - CMSIS Pack Vendor :STMicroelectronics X-CUBE-TOUCHGFX 4.21.0
2023-04-02 17:54:54,538 [INFO] ThirdParty:999 - CMSIS Pack Vendor :STMicroelectronics X-CUBE-TOUCHGFX 4.21.3
2023-04-02 17:54:54,538 [INFO] ThirdParty:999 - CMSIS Pack Vendor :STMicroelectronics X-CUBE-BLEMGR 1.0.0
2023-04-02 17:54:54,538 [INFO] ThirdParty:999 - CMSIS Pack Vendor :STMicroelectronics X-CUBE-BLEMGR 1.2.0
2023-04-02 17:54:54,538 [INFO] ThirdParty:999 - CMSIS Pack Vendor :STMicroelectronics X-CUBE-AZRTOS-F7 1.1.0
2023-04-02 17:54:54,538 [INFO] ThirdParty:999 - CMSIS Pack Vendor :STMicroelectronics X-CUBE-MEMS1 9.4.0
2023-04-02 17:54:54,538 [INFO] ThirdParty:999 - CMSIS Pack Vendor :STMicroelectronics USB_DEVICE 2.0.0
2023-04-02 17:54:54,538 [INFO] ThirdParty:999 - CMSIS Pack Vendor :STMicroelectronics X-CUBE-AI 7.3.0
2023-04-02 17:54:54,538 [INFO] ThirdParty:999 - CMSIS Pack Vendor :STMicroelectronics X-CUBE-BLE1 6.2.3
2023-04-02 17:54:54,538 [INFO] ThirdParty:999 - CMSIS Pack Vendor :STMicroelectronics X-CUBE-ALGOBUILD 1.3.0
2023-04-02 17:54:54,538 [INFO] ThirdParty:999 - CMSIS Pack Vendor :STMicroelectronics X-CUBE-BLE1 6.2.4
2023-04-02 17:54:54,538 [INFO] ThirdParty:999 - CMSIS Pack Vendor :STMicroelectronics X-CUBE-AZRTOS-L5 1.1.0
2023-04-02 17:54:54,538 [INFO] ThirdParty:999 - CMSIS Pack Vendor :STMicroelectronics FreeRTOS 0.0.1
2023-04-02 17:54:54,538 [INFO] ThirdParty:999 - CMSIS Pack Vendor :STMicroelectronics X-CUBE-AZRTOS-G0 1.1.0
2023-04-02 17:54:54,538 [INFO] ThirdParty:999 - CMSIS Pack Vendor :STMicroelectronics X-CUBE-BLEMGR 2.0.0
2023-04-02 17:54:54,538 [INFO] ThirdParty:999 - CMSIS Pack Vendor :STMicroelectronics X-CUBE-SUBG2 5.0.0
2023-04-02 17:54:54,538 [INFO] ThirdParty:999 - CMSIS Pack Vendor :STMicroelectronics X-CUBE-NFC4 3.0.0
2023-04-02 17:54:54,538 [INFO] ThirdParty:999 - CMSIS Pack Vendor :SEGGER I-CUBE-embOS 1.2.0
2023-04-02 17:54:54,538 [INFO] ThirdParty:999 - CMSIS Pack Vendor :STMicroelectronics STM32_WPAN 1.0.0
2023-04-02 17:54:54,538 [INFO] ThirdParty:999 - CMSIS Pack Vendor :STMicroelectronics lwIP 2.0.3
2023-04-02 17:54:54,538 [INFO] ThirdParty:999 - CMSIS Pack Vendor :STMicroelectronics X-CUBE-NFC4 2.0.5
2023-04-02 17:54:54,538 [INFO] ThirdParty:999 - CMSIS Pack Vendor :STMicroelectronics X-CUBE-NFC4 2.0.4
2023-04-02 17:54:54,538 [INFO] ThirdParty:999 - CMSIS Pack Vendor :STMicroelectronics USB_HOST 1.0.0
2023-04-02 17:54:54,538 [INFO] ThirdParty:999 - CMSIS Pack Vendor :STMicroelectronics PDM2PCM 3.1.0
2023-04-02 17:54:54,538 [INFO] ThirdParty:999 - CMSIS Pack Vendor :STMicroelectronics X-CUBE-TOF1 3.3.0
2023-04-02 17:54:54,538 [INFO] ThirdParty:999 - CMSIS Pack Vendor :STMicroelectronics FP-ATR-ASTRA1 1.1.1
2023-04-02 17:54:54,538 [INFO] ThirdParty:999 - CMSIS Pack Vendor :STMicroelectronics PDM2PCM 3.3.0
2023-04-02 17:54:54,538 [INFO] ThirdParty:999 - CMSIS Pack Vendor :STMicroelectronics X-CUBE-TOF1 3.1.0
2023-04-02 17:54:54,538 [INFO] ThirdParty:999 - CMSIS Pack Vendor :STMicroelectronics FP-ATR-ASTRA1 1.1.0
2023-04-02 17:54:54,538 [INFO] ThirdParty:999 - CMSIS Pack Vendor :STMicroelectronics X-CUBE-DISPLAY 3.0.0
2023-04-02 17:54:54,538 [INFO] ThirdParty:999 - CMSIS Pack Vendor :STMicroelectronics X-CUBE-BLEMGR 1.3.0
2023-04-02 17:54:54,538 [INFO] ThirdParty:999 - CMSIS Pack Vendor :STMicroelectronics X-CUBE-AZRTOS-G4 1.0.0
2023-04-02 17:54:54,538 [INFO] ThirdParty:999 - CMSIS Pack Vendor :STMicroelectronics FP-ATR-SIGFOX1 3.2.0
2023-04-02 17:54:54,538 [INFO] ThirdParty:999 - CMSIS Pack Vendor :STMicroelectronics X-CUBE-AZRTOS-L4 1.0.0
2023-04-02 17:54:54,538 [INFO] ThirdParty:999 - CMSIS Pack Vendor :STMicroelectronics HAL Drivers 0.0.0
2023-04-02 17:54:54,538 [INFO] ThirdParty:999 - CMSIS Pack Vendor :STMicroelectronics MBEDTLS 2.16.2
2023-04-02 17:54:54,538 [INFO] ThirdParty:999 - CMSIS Pack Vendor :emotas I-CUBE-CANOPEN 1.1.2
2023-04-02 17:54:54,538 [INFO] ThirdParty:999 - CMSIS Pack Vendor :STMicroelectronics X-CUBE-TOUCHGFX 4.20.0
2023-04-02 17:54:54,538 [INFO] ThirdParty:999 - CMSIS Pack Vendor :STMicroelectronics MBEDTLS 2.14.1
2023-04-02 17:54:54,538 [INFO] ThirdParty:999 - CMSIS Pack Vendor :STMicroelectronics X-CUBE-NFC7 1.0.0
2023-04-02 17:54:54,538 [INFO] ThirdParty:999 - CMSIS Pack Vendor :STMicroelectronics X-CUBE-AZRTOS-WL 1.0.0
2023-04-02 17:54:54,538 [INFO] ThirdParty:999 - CMSIS Pack Vendor :STMicroelectronics X-CUBE-MEMS1 9.3.0
2023-04-02 17:54:54,538 [INFO] ThirdParty:999 - CMSIS Pack Vendor :portGmbH I-Cube-SoM-uGOAL 1.1.0
2023-04-02 17:54:54,538 [INFO] ThirdParty:999 - CMSIS Pack Vendor :STMicroelectronics X-CUBE-ALS 1.0.1
2023-04-02 17:54:54,538 [INFO] ThirdParty:999 - CMSIS Pack Vendor :STMicroelectronics X-CUBE-AI 7.2.0
2023-04-02 17:54:54,538 [INFO] ThirdParty:999 - CMSIS Pack Vendor :STMicroelectronics X-CUBE-MEMS1 9.5.0
2023-04-02 17:54:54,538 [INFO] ThirdParty:999 - CMSIS Pack Vendor :STMicroelectronics ThreadX 1.0.0
2023-04-02 17:54:54,538 [INFO] ThirdParty:999 - CMSIS Pack Vendor :STMicroelectronics X-CUBE-AZRTOS-WB 1.1.0
2023-04-02 17:54:54,538 [INFO] ThirdParty:999 - CMSIS Pack Vendor :SEGGER I-CUBE-embOS 1.3.1
2023-04-02 17:54:54,538 [INFO] ThirdParty:999 - CMSIS Pack Vendor :STMicroelectronics X-CUBE-AZRTOS-L5 1.0.0
2023-04-02 17:54:54,538 [INFO] ThirdParty:999 - CMSIS Pack Vendor :STMicroelectronics USB_DEVICE 1.0.0
2023-04-02 17:54:54,538 [INFO] ThirdParty:999 - CMSIS Pack Vendor :STMicroelectronics X-CUBE-EEPRMA1 3.1.1
2023-04-02 17:54:54,538 [INFO] ThirdParty:999 - CMSIS Pack Vendor :STMicroelectronics ThreadX 0.0.2
2023-04-02 17:54:54,538 [INFO] ThirdParty:999 - CMSIS Pack Vendor :WES I-CUBE-Cesium 1.3.0
2023-04-02 17:54:54,538 [INFO] ThirdParty:999 - CMSIS Pack Vendor :STMicroelectronics lwIP 2.1.2
2023-04-02 17:54:54,538 [INFO] ThirdParty:999 - CMSIS Pack Vendor :STMicroelectronics X-CUBE-SFXS2LP1 4.0.0
2023-04-02 17:54:54,538 [INFO] ThirdParty:999 - CMSIS Pack Vendor :STMicroelectronics X-CUBE-BLE2 3.3.0
2023-04-02 17:54:54,538 [INFO] ThirdParty:999 - CMSIS Pack Vendor :STMicroelectronics X-CUBE-DISPLAY 2.2.0
2023-04-02 17:54:54,538 [INFO] ThirdParty:999 - CMSIS Pack Vendor :STMicroelectronics X-CUBE-TOF1 3.2.0
2023-04-02 17:54:54,538 [INFO] ThirdParty:999 - CMSIS Pack Vendor :STMicroelectronics PDM2PCM 3.2.0
2023-04-02 17:54:54,538 [INFO] ThirdParty:999 - CMSIS Pack Vendor :STMicroelectronics X-CUBE-AZRTOS-H7 3.0.0
2023-04-02 17:54:54,538 [INFO] ThirdParty:999 - CMSIS Pack Vendor :STMicroelectronics X-CUBE-ISPU 1.0.0
2023-04-02 17:54:54,538 [INFO] ThirdParty:815 - exiting critical section [change project]
2023-04-02 17:54:54,843 [INFO] PinOutPanel:1477 - setPackage(No Configuration,No Configuration)
2023-04-02 17:54:54,843 [INFO] PinOutPanel:1477 - setPackage(STM32L431RCTx,LQFP64)
2023-04-02 17:54:55,427 [INFO] UtilMem:74 - Before build in PCC Used Memory: 473617192 Bytes (577765376)
2023-04-02 17:54:56,224 [INFO] UtilMem:74 - After build in PCC Used Memory: 496103720 Bytes (577765376)
2023-04-02 17:54:56,256 [INFO] IPUIPlugin:79 - create IPUIPlugin
2023-04-02 17:54:56,256 [INFO] IPUIPlugin:79 - create IPUIPlugin
2023-04-02 17:54:56,256 [INFO] IPUIPlugin:79 - create IPUIPlugin
2023-04-02 17:54:56,256 [INFO] IPUIPlugin:79 - create IPUIPlugin
2023-04-02 17:54:56,256 [INFO] IPUIPlugin:79 - create IPUIPlugin
2023-04-02 17:54:56,256 [INFO] IPUIPlugin:79 - create IPUIPlugin
2023-04-02 17:54:56,256 [INFO] IPUIPlugin:79 - create IPUIPlugin
2023-04-02 17:54:56,256 [INFO] IPUIPlugin:79 - create IPUIPlugin
2023-04-02 17:54:56,256 [INFO] IPUIPlugin:79 - create IPUIPlugin
2023-04-02 17:54:56,256 [INFO] IPUIPlugin:79 - create IPUIPlugin
2023-04-02 17:54:56,256 [INFO] IPUIPlugin:79 - create IPUIPlugin
2023-04-02 17:54:56,256 [INFO] IPUIPlugin:79 - create IPUIPlugin
2023-04-02 17:54:56,256 [INFO] IPUIPlugin:79 - create IPUIPlugin
2023-04-02 17:54:56,256 [INFO] IPUIPlugin:79 - create IPUIPlugin
2023-04-02 17:54:56,256 [INFO] IPUIPlugin:79 - create IPUIPlugin
2023-04-02 17:54:56,256 [INFO] IPUIPlugin:79 - create IPUIPlugin
2023-04-02 17:54:56,256 [INFO] IPUIPlugin:79 - create IPUIPlugin
2023-04-02 17:54:56,256 [INFO] IPUIPlugin:79 - create IPUIPlugin
2023-04-02 17:54:56,256 [INFO] IPUIPlugin:79 - create IPUIPlugin
2023-04-02 17:54:56,256 [INFO] IPUIPlugin:79 - create IPUIPlugin
2023-04-02 17:54:56,256 [INFO] IPUIPlugin:79 - create IPUIPlugin
2023-04-02 17:54:56,256 [INFO] IPUIPlugin:79 - create IPUIPlugin
2023-04-02 17:54:56,256 [INFO] IPUIPlugin:79 - create IPUIPlugin
2023-04-02 17:54:56,256 [INFO] IPUIPlugin:79 - create IPUIPlugin
2023-04-02 17:54:56,256 [INFO] IPUIPlugin:79 - create IPUIPlugin
2023-04-02 17:54:56,256 [INFO] IPUIPlugin:79 - create IPUIPlugin
2023-04-02 17:54:56,256 [INFO] IPUIPlugin:79 - create IPUIPlugin
2023-04-02 17:54:56,256 [INFO] IPUIPlugin:79 - create IPUIPlugin
2023-04-02 17:54:56,256 [INFO] IPUIPlugin:79 - create IPUIPlugin
2023-04-02 17:54:56,256 [INFO] IPUIPlugin:79 - create IPUIPlugin
2023-04-02 17:54:56,256 [INFO] IPUIPlugin:79 - create IPUIPlugin
2023-04-02 17:54:56,256 [INFO] IPUIPlugin:79 - create IPUIPlugin
2023-04-02 17:54:56,256 [INFO] IPUIPlugin:79 - create IPUIPlugin
2023-04-02 17:54:56,256 [INFO] IPUIPlugin:79 - create IPUIPlugin
2023-04-02 17:54:56,256 [INFO] IPUIPlugin:79 - create IPUIPlugin
2023-04-02 17:54:56,256 [INFO] IPUIPlugin:79 - create IPUIPlugin
2023-04-02 17:54:56,256 [INFO] IPUIPlugin:79 - create IPUIPlugin
2023-04-02 17:54:56,256 [INFO] IPUIPlugin:79 - create IPUIPlugin
2023-04-02 17:54:56,256 [INFO] IPUIPlugin:79 - create IPUIPlugin
2023-04-02 17:54:56,256 [INFO] IPUIPlugin:79 - create IPUIPlugin
2023-04-02 17:54:56,256 [INFO] IPUIPlugin:79 - create IPUIPlugin
2023-04-02 17:54:56,256 [INFO] IPUIPlugin:79 - create IPUIPlugin
2023-04-02 17:54:56,256 [INFO] IPUIPlugin:79 - create IPUIPlugin
2023-04-02 17:54:56,450 [INFO] CADModel:164 - CPN selected for project levelSTM32L431RCT6
2023-04-02 17:54:56,450 [INFO] CADModel:113 - Register for checkConnection events
2023-04-02 17:54:56,497 [INFO] OpenFileManager:327 - Restore cursor
2023-04-02 17:54:57,169 [INFO] UtilMem:74 - End SaveConfig() Used Memory: 483725064 Bytes (577765376)
2023-04-02 17:54:57,242 [INFO] UtilMem:74 - End SaveConfig() Used Memory: 499443656 Bytes (577765376)
2023-04-02 17:54:57,816 [INFO] BlockDiagram:2759 - set Specific Code input for plugin: NVIC
2023-04-02 17:54:57,816 [INFO] BlockDiagram:2759 - set Specific Code input for plugin: RCC
2023-04-02 17:54:57,816 [INFO] CodeGenerator:692 - code generatio: config db path: C:\ST\STM32CubeIDE_1.9.0\STM32CubeIDE\plugins\com.st.stm32cube.common.mx_6.7.0.202301130839\\db\
2023-04-02 17:54:58,313 [INFO] CodeEngine:247 - oldGeneratedFile, C:\stm32_GitHub\Pos\Project_Positioner_02_04_23\pos_02_04_23\MXTmpFiles\license.tmp_save
2023-04-02 17:54:58,630 [INFO] CodeEngine:271 - Generated code: C:\stm32_GitHub\Pos\Project_Positioner_02_04_23\pos_02_04_23\MXTmpFiles\license.tmp
2023-04-02 17:54:58,646 [INFO] CodeEngine:247 - oldGeneratedFile, C:\stm32_GitHub\Pos\Project_Positioner_02_04_23\pos_02_04_23\Core\Src\stm32l4xx_it.c_save
2023-04-02 17:54:58,803 [INFO] CodeEngine:271 - Generated code: C:\stm32_GitHub\Pos\Project_Positioner_02_04_23\pos_02_04_23\Core\Src\stm32l4xx_it.c
2023-04-02 17:54:58,803 [INFO] CodeEngine:247 - oldGeneratedFile, C:\stm32_GitHub\Pos\Project_Positioner_02_04_23\pos_02_04_23\Core\Inc\stm32l4xx_it.h_save
2023-04-02 17:54:58,881 [INFO] CodeEngine:271 - Generated code: C:\stm32_GitHub\Pos\Project_Positioner_02_04_23\pos_02_04_23\Core\Inc\stm32l4xx_it.h
2023-04-02 17:54:58,972 [INFO] CodeEngine:247 - oldGeneratedFile, C:\stm32_GitHub\Pos\Project_Positioner_02_04_23\pos_02_04_23\Core\Src\stm32l4xx_hal_msp.c_save
2023-04-02 17:54:59,066 [INFO] CodeEngine:271 - Generated code: C:\stm32_GitHub\Pos\Project_Positioner_02_04_23\pos_02_04_23\Core\Src\stm32l4xx_hal_msp.c
2023-04-02 17:54:59,066 [INFO] CodeEngine:247 - oldGeneratedFile, C:\stm32_GitHub\Pos\Project_Positioner_02_04_23\pos_02_04_23\MXTmpFiles\system.tmp_save
2023-04-02 17:54:59,149 [INFO] CodeEngine:271 - Generated code: C:\stm32_GitHub\Pos\Project_Positioner_02_04_23\pos_02_04_23\MXTmpFiles\system.tmp
2023-04-02 17:54:59,149 [INFO] CodeEngine:303 - oldGeneratedFile, C:\stm32_GitHub\Pos\Project_Positioner_02_04_23\pos_02_04_23\Core\Inc\stm32l4xx_hal_conf.h_save
2023-04-02 17:54:59,274 [INFO] CodeEngine:327 - Generated code: C:\stm32_GitHub\Pos\Project_Positioner_02_04_23\pos_02_04_23\Core\Inc\stm32l4xx_hal_conf.h
2023-04-02 17:54:59,352 [INFO] CodeEngine:247 - oldGeneratedFile, C:\stm32_GitHub\Pos\Project_Positioner_02_04_23\pos_02_04_23\Core\Inc\main.h_save
2023-04-02 17:54:59,493 [INFO] CodeEngine:271 - Generated code: C:\stm32_GitHub\Pos\Project_Positioner_02_04_23\pos_02_04_23\Core\Inc\main.h
2023-04-02 17:54:59,493 [INFO] CodeEngine:247 - oldGeneratedFile, C:\stm32_GitHub\Pos\Project_Positioner_02_04_23\pos_02_04_23\Core\Src\main.c_save
2023-04-02 17:54:59,687 [INFO] CodeEngine:271 - Generated code: C:\stm32_GitHub\Pos\Project_Positioner_02_04_23\pos_02_04_23\Core\Src\main.c
2023-04-02 17:55:00,567 [INFO] ProjectBuilder:2919 - Time for Copy HAL[1] : 270mS.
2023-04-02 17:55:00,567 [INFO] ProjectBuilder:4183 - Project Generator version: 3.18.0-B7
2023-04-02 17:55:00,896 [INFO] ConfigFileManager:1396 - The Die is : DIE435
2023-04-02 17:55:00,912 [INFO] ApiDbMcu:505 - Load IP Config File for FATFS
2023-04-02 17:55:00,943 [INFO] ApiDbMcu:505 - Load IP Config File for FREERTOS
2023-04-02 17:55:01,052 [INFO] ApiDbMcu:505 - Load IP Config File for TOUCHSENSING
2023-04-02 17:55:03,125 [INFO] ProjectBuilder:4351 - Time for Generating toolchain IDE Files: 2558mS.
2023-04-02 17:55:03,125 [INFO] ProjectBuilder:2790 - Time for Copy CMSIS : 0mS.
2023-04-02 17:55:03,125 [INFO] ProjectBuilder:2790 - Time for Copy CMSIS : 0mS.
2023-04-02 17:55:03,394 [ERROR] ConfigurationRetriever:140 - IOException on connection: citools.st.com
2023-04-02 17:55:03,394 [ERROR] ConfigurationRetriever:140 - IOException on connection: citools.st.com
2023-04-02 17:55:03,394 [ERROR] ConfigurationRetriever:140 - IOException on connection: citools.st.com
2023-04-02 17:55:03,441 [INFO] McuFinderGlobals:65 - Set McuFinderConnectedMode to true
2023-04-02 17:55:03,441 [INFO] ApiDb:447 - Save user favorites file C:\Users\New user/.stm32cubeide/favorites.mcus.txt: 0 item(s)
2023-04-02 17:55:03,441 [INFO] ApiDb:451 - User favorites MCUs=[]
2023-04-02 17:55:32,005 [INFO] UtilMem:74 - End SaveConfig() Used Memory: 717338256 Bytes (890241024)
2023-04-02 17:55:32,916 [INFO] UtilMem:74 - End SaveConfig() Used Memory: 738382200 Bytes (890241024)
2023-04-02 17:55:35,013 [INFO] UtilMem:74 - End SaveConfig() Used Memory: 595643240 Bytes (890241024)
2023-04-02 17:55:35,476 [INFO] BlockDiagram:2759 - set Specific Code input for plugin: NVIC
2023-04-02 17:55:35,476 [INFO] BlockDiagram:2759 - set Specific Code input for plugin: SYS
2023-04-02 17:55:35,476 [INFO] BlockDiagram:2759 - set Specific Code input for plugin: GPIO
2023-04-02 17:55:35,476 [INFO] BlockDiagram:2759 - set Specific Code input for plugin: RCC
2023-04-02 17:55:35,476 [INFO] CodeGenerator:692 - code generatio: config db path: C:\ST\STM32CubeIDE_1.9.0\STM32CubeIDE\plugins\com.st.stm32cube.common.mx_6.7.0.202301130839\\db\
2023-04-02 17:55:35,601 [INFO] CodeEngine:247 - oldGeneratedFile, C:\stm32_GitHub\Pos\Project_Positioner_02_04_23\pos_02_04_23\MXTmpFiles\license.tmp_save
2023-04-02 17:55:35,695 [INFO] CodeEngine:271 - Generated code: C:\stm32_GitHub\Pos\Project_Positioner_02_04_23\pos_02_04_23\MXTmpFiles\license.tmp
2023-04-02 17:55:35,758 [INFO] CodeEngine:247 - oldGeneratedFile, C:\stm32_GitHub\Pos\Project_Positioner_02_04_23\pos_02_04_23\MXTmpFiles\gpio.tmp_save
2023-04-02 17:55:35,864 [INFO] CodeEngine:271 - Generated code: C:\stm32_GitHub\Pos\Project_Positioner_02_04_23\pos_02_04_23\MXTmpFiles\gpio.tmp
2023-04-02 17:55:35,895 [INFO] CodeEngine:247 - oldGeneratedFile, C:\stm32_GitHub\Pos\Project_Positioner_02_04_23\pos_02_04_23\Core\Src\stm32l4xx_it.c_save
2023-04-02 17:55:36,004 [INFO] CodeEngine:271 - Generated code: C:\stm32_GitHub\Pos\Project_Positioner_02_04_23\pos_02_04_23\Core\Src\stm32l4xx_it.c
2023-04-02 17:55:36,004 [INFO] CodeEngine:247 - oldGeneratedFile, C:\stm32_GitHub\Pos\Project_Positioner_02_04_23\pos_02_04_23\Core\Inc\stm32l4xx_it.h_save
2023-04-02 17:55:36,067 [INFO] CodeEngine:271 - Generated code: C:\stm32_GitHub\Pos\Project_Positioner_02_04_23\pos_02_04_23\Core\Inc\stm32l4xx_it.h
2023-04-02 17:55:36,082 [INFO] CodeEngine:247 - oldGeneratedFile, C:\stm32_GitHub\Pos\Project_Positioner_02_04_23\pos_02_04_23\Core\Src\stm32l4xx_hal_msp.c_save
2023-04-02 17:55:36,161 [INFO] CodeEngine:271 - Generated code: C:\stm32_GitHub\Pos\Project_Positioner_02_04_23\pos_02_04_23\Core\Src\stm32l4xx_hal_msp.c
2023-04-02 17:55:36,161 [INFO] CodeEngine:247 - oldGeneratedFile, C:\stm32_GitHub\Pos\Project_Positioner_02_04_23\pos_02_04_23\MXTmpFiles\system.tmp_save
2023-04-02 17:55:36,208 [INFO] CodeEngine:271 - Generated code: C:\stm32_GitHub\Pos\Project_Positioner_02_04_23\pos_02_04_23\MXTmpFiles\system.tmp
2023-04-02 17:55:36,223 [INFO] CodeEngine:303 - oldGeneratedFile, C:\stm32_GitHub\Pos\Project_Positioner_02_04_23\pos_02_04_23\Core\Inc\stm32l4xx_hal_conf.h_save
2023-04-02 17:55:36,286 [INFO] CodeEngine:327 - Generated code: C:\stm32_GitHub\Pos\Project_Positioner_02_04_23\pos_02_04_23\Core\Inc\stm32l4xx_hal_conf.h
2023-04-02 17:55:36,326 [INFO] CodeEngine:247 - oldGeneratedFile, C:\stm32_GitHub\Pos\Project_Positioner_02_04_23\pos_02_04_23\Core\Inc\main.h_save
2023-04-02 17:55:36,404 [INFO] CodeEngine:271 - Generated code: C:\stm32_GitHub\Pos\Project_Positioner_02_04_23\pos_02_04_23\Core\Inc\main.h
2023-04-02 17:55:36,420 [INFO] CodeEngine:247 - oldGeneratedFile, C:\stm32_GitHub\Pos\Project_Positioner_02_04_23\pos_02_04_23\Core\Src\main.c_save
2023-04-02 17:55:36,577 [INFO] CodeEngine:271 - Generated code: C:\stm32_GitHub\Pos\Project_Positioner_02_04_23\pos_02_04_23\Core\Src\main.c
2023-04-02 17:55:37,293 [INFO] ProjectBuilder:2919 - Time for Copy HAL[1] : 326mS.
2023-04-02 17:55:37,293 [INFO] ProjectBuilder:4183 - Project Generator version: 3.18.0-B7
2023-04-02 17:55:37,574 [INFO] ConfigFileManager:1396 - The Die is : DIE435
2023-04-02 17:55:38,834 [INFO] ProjectBuilder:4351 - Time for Generating toolchain IDE Files: 1541mS.
2023-04-02 17:55:38,834 [INFO] ProjectBuilder:2790 - Time for Copy CMSIS : 0mS.
2023-04-02 17:55:38,834 [INFO] ProjectBuilder:2790 - Time for Copy CMSIS : 0mS.
2023-04-02 17:55:38,929 [ERROR] ConfigurationRetriever:140 - IOException on connection: citools.st.com
2023-04-02 17:55:38,929 [ERROR] ConfigurationRetriever:140 - IOException on connection: citools.st.com
2023-04-02 17:55:38,929 [ERROR] ConfigurationRetriever:140 - IOException on connection: citools.st.com
2023-04-02 17:58:02,277 [ERROR] ConfigurationRetriever:140 - IOException on connection: citools.st.com
2023-04-02 17:58:02,277 [ERROR] ConfigurationRetriever:140 - IOException on connection: citools.st.com
2023-04-02 17:58:02,277 [ERROR] ConfigurationRetriever:140 - IOException on connection: citools.st.com
